<?xml version="1.0" encoding="UTF-8"?>
<!-- Generated by org.testng.reporters.JUnitReportReporter -->
<testsuite name="org.tst.Testng1" tests="3" time="4.831" ignored="0" failures="0" timestamp="14 Sep 2021 10:29:36 GMT" skipped="0" hostname="LAPTOP-PFSCILEG" errors="0">
  <testcase name="username" time="1.061" classname="org.tst.Testng1"/>
  <testcase name="Select" time="1.423" classname="org.tst.Testng1"/>
  <testcase name="location" time="2.347" classname="org.tst.Testng1"/>
</testsuite> <!-- org.tst.Testng1 -->
